Turbo Assembler	 Version 4.1	    02/12/20 10:02:31	    Page 1
01_10int.asm



      1	0000			     .model tiny
      2	0000			     .code
      3
      4				     org 100h
      5
      6	0100  B4 0E		     Start:	     mov ah, 0eh		     ; 10H 0EH int
      7
      8	0102  BB 0112r				     mov bx, offset MyString	     ; bx <- str start ptr
      9
     10	0105  80 3F 00		     PrintSymbol:    cmp byte ptr [bx],	0d	     ; [ c ] =?= 0
     11	0108  74 07				     je	Printed			     ; bx^
     12
     13	010A  8A 07				     mov al, [bx]		     ; al <- [ c ]
     14	010C  CD 10				     int 10h			     ;	     bx^
     15
     16	010E  43				     inc bx			     ; [ c ][ d	]
     17										     ; bx-----^
     18	010F  EB F4				     jmp PrintSymbol
     19
     20	0111  C3		     Printed:	     ret
     21
     22	0112  48 65 6C 6C 6F 2C	20+  MyString:	     db	'Hello,	Buddy!', 13, 10, 0
     23	      42 75 64 64 79 21	0D+
     24	      0A 00
     25
     26				     end	     Start
Turbo Assembler	 Version 4.1	    02/12/20 10:02:31	    Page 2
Symbol Table




Symbol Name			  Type	 Value

??DATE				  Text	 "02/12/20"
??FILENAME			  Text	 "01_10int"
??TIME				  Text	 "10:02:31"
??VERSION			  Number 040A
@32BIT				  Text	 0
@CODE				  Text	 DGROUP
@CODESIZE			  Text	 0
@CPU				  Text	 0101H
@CURSEG				  Text	 _TEXT
@DATA				  Text	 DGROUP
@DATASIZE			  Text	 0
@FILENAME			  Text	 01_10INT
@INTERFACE			  Text	 000H
@MODEL				  Text	 1
@STACK				  Text	 DGROUP
@WORDSIZE			  Text	 2
MYSTRING			  Near	 DGROUP:0112
PRINTED				  Near	 DGROUP:0111
PRINTSYMBOL			  Near	 DGROUP:0105
START				  Near	 DGROUP:0100

Groups & Segments		  Bit Size Align  Combine Class

DGROUP				  Group
  _DATA				  16  0000 Word	  Public  DATA
  _TEXT				  16  0122 Word	  Public  CODE
